<?xml version="1.0" encoding="UTF-8"?>
<testng-results skipped="7" failed="0" total="7" passed="0">
  <reporter-output>
  </reporter-output>
  <suite name="PHP-Travels test" duration-ms="7099" started-at="2016-06-25T18:25:02Z" finished-at="2016-06-25T18:25:09Z">
    <groups>
    </groups>
    <test name="Hotel Test" duration-ms="7099" started-at="2016-06-25T18:25:02Z" finished-at="2016-06-25T18:25:09Z">
      <class name="com.phptravels.hotelbooking.hotelBookingTest">
        <test-method status="FAIL" signature="beforeClass()[pri:0, instance:com.phptravels.hotelbooking.hotelBookingTest@1753acfe]" name="beforeClass" is-config="true" duration-ms="0" started-at="2016-06-25T19:25:02Z" finished-at="2016-06-25T19:25:02Z">
          <exception class="org.openqa.selenium.WebDriverException">
            <message>
              <![CDATA[unknown error: cannot get automation extension
from disconnected: unable to send message to renderer
  (Session info: chrome=51.0.2704.103)
  (Driver info: chromedriver=2.21.371459 (36d3d07f660ff2bc1bf28a75d1cdabed0983e7c4),platform=Windows NT 10.0 x86_64) (WARNING: The server did not provide any stacktrace information)
Command duration or timeout: 44 milliseconds
Build info: version: '2.53.0', revision: '35ae25b1534ae328c771e0856c93e187490ca824', time: '2016-03-15 10:43:46'
System info: host: 'Timmy-PC', ip: '192.168.56.1', os.name: 'Windows 10', os.arch: 'amd64', os.version: '10.0', java.version: '1.8.0_91'
Driver info: org.openqa.selenium.chrome.ChromeDriver
Capabilities [{applicationCacheEnabled=false, rotatable=false, mobileEmulationEnabled=false, chrome={chromedriverVersion=2.21.371459 (36d3d07f660ff2bc1bf28a75d1cdabed0983e7c4), userDataDir=C:\Users\Timmy\AppData\Local\Temp\scoped_dir8632_23521}, takesHeapSnapshot=true, databaseEnabled=false, handlesAlerts=true, hasTouchScreen=false, version=51.0.2704.103, platform=XP, browserConnectionEnabled=false, nativeEvents=true, acceptSslCerts=true, locationContextEnabled=true, webStorageEnabled=true, browserName=chrome, takesScreenshot=true, javascriptEnabled=true, cssSelectorsEnabled=true}]
Session ID: 5b87d4ceed9f7ef822ee30cae23b95c6]]>
            </message>
            <full-stacktrace>
              <![CDATA[org.openqa.selenium.WebDriverException: unknown error: cannot get automation extension
from disconnected: unable to send message to renderer
  (Session info: chrome=51.0.2704.103)
  (Driver info: chromedriver=2.21.371459 (36d3d07f660ff2bc1bf28a75d1cdabed0983e7c4),platform=Windows NT 10.0 x86_64) (WARNING: The server did not provide any stacktrace information)
Command duration or timeout: 44 milliseconds
Build info: version: '2.53.0', revision: '35ae25b1534ae328c771e0856c93e187490ca824', time: '2016-03-15 10:43:46'
System info: host: 'Timmy-PC', ip: '192.168.56.1', os.name: 'Windows 10', os.arch: 'amd64', os.version: '10.0', java.version: '1.8.0_91'
Driver info: org.openqa.selenium.chrome.ChromeDriver
Capabilities [{applicationCacheEnabled=false, rotatable=false, mobileEmulationEnabled=false, chrome={chromedriverVersion=2.21.371459 (36d3d07f660ff2bc1bf28a75d1cdabed0983e7c4), userDataDir=C:\Users\Timmy\AppData\Local\Temp\scoped_dir8632_23521}, takesHeapSnapshot=true, databaseEnabled=false, handlesAlerts=true, hasTouchScreen=false, version=51.0.2704.103, platform=XP, browserConnectionEnabled=false, nativeEvents=true, acceptSslCerts=true, locationContextEnabled=true, webStorageEnabled=true, browserName=chrome, takesScreenshot=true, javascriptEnabled=true, cssSelectorsEnabled=true}]
Session ID: 5b87d4ceed9f7ef822ee30cae23b95c6
	at sun.reflect.NativeConstructorAccessorImpl.newInstance0(Native Method)
	at sun.reflect.NativeConstructorAccessorImpl.newInstance(NativeConstructorAccessorImpl.java:62)
	at sun.reflect.DelegatingConstructorAccessorImpl.newInstance(DelegatingConstructorAccessorImpl.java:45)
	at java.lang.reflect.Constructor.newInstance(Constructor.java:423)
	at org.openqa.selenium.remote.ErrorHandler.createThrowable(ErrorHandler.java:206)
	at org.openqa.selenium.remote.ErrorHandler.throwIfResponseFailed(ErrorHandler.java:158)
	at org.openqa.selenium.remote.RemoteWebDriver.execute(RemoteWebDriver.java:678)
	at org.openqa.selenium.remote.RemoteWebDriver$RemoteWebDriverOptions$RemoteWindow.maximize(RemoteWebDriver.java:945)
	at com.phptravels.hotelbooking.hotelBookingTest.beforeClass(hotelBookingTest.java:34)
	at sun.reflect.NativeMethodAccessorImpl.invoke0(Native Method)
	at sun.reflect.NativeMethodAccessorImpl.invoke(NativeMethodAccessorImpl.java:62)
	at sun.reflect.DelegatingMethodAccessorImpl.invoke(DelegatingMethodAccessorImpl.java:43)
	at java.lang.reflect.Method.invoke(Method.java:498)
	at org.testng.internal.MethodInvocationHelper.invokeMethod(MethodInvocationHelper.java:86)
	at org.testng.internal.Invoker.invokeConfigurationMethod(Invoker.java:514)
	at org.testng.internal.Invoker.invokeConfigurations(Invoker.java:215)
	at org.testng.internal.Invoker.invokeConfigurations(Invoker.java:142)
	at org.testng.internal.TestMethodWorker.invokeBeforeClassMethods(TestMethodWorker.java:178)
	at org.testng.internal.TestMethodWorker.run(TestMethodWorker.java:108)
	at org.testng.TestRunner.privateRun(TestRunner.java:782)
	at org.testng.TestRunner.run(TestRunner.java:632)
	at org.testng.SuiteRunner.runTest(SuiteRunner.java:366)
	at org.testng.SuiteRunner.runSequentially(SuiteRunner.java:361)
	at org.testng.SuiteRunner.privateRun(SuiteRunner.java:319)
	at org.testng.SuiteRunner.run(SuiteRunner.java:268)
	at org.testng.SuiteRunnerWorker.runSuite(SuiteRunnerWorker.java:52)
	at org.testng.SuiteRunnerWorker.run(SuiteRunnerWorker.java:86)
	at org.testng.TestNG.runSuitesSequentially(TestNG.java:1244)
	at org.testng.TestNG.runSuitesLocally(TestNG.java:1169)
	at org.testng.TestNG.run(TestNG.java:1064)
	at org.testng.remote.AbstractRemoteTestNG.run(AbstractRemoteTestNG.java:126)
	at org.testng.remote.RemoteTestNG.initAndRun(RemoteTestNG.java:137)
	at org.testng.remote.RemoteTestNG.main(RemoteTestNG.java:58)
]]>
            </full-stacktrace>
          </exception> <!-- org.openqa.selenium.WebDriverException -->
          <reporter-output>
          </reporter-output>
        </test-method> <!-- beforeClass -->
        <test-method status="SKIP" signature="test(java.lang.String, java.lang.String, java.lang.String)[pri:0, instance:com.phptravels.hotelbooking.hotelBookingTest@1753acfe]" name="test" duration-ms="6" started-at="2016-06-25T19:25:09Z" finished-at="2016-06-25T19:25:09Z">
          <params>
            <param index="0">
              <value>
                <![CDATA[Lond]]>
              </value>
            </param>
            <param index="1">
              <value>
                <![CDATA[22/06/2016]]>
              </value>
            </param>
            <param index="2">
              <value>
                <![CDATA[29/06/2016]]>
              </value>
            </param>
          </params>
          <reporter-output>
          </reporter-output>
        </test-method> <!-- test -->
        <test-method status="SKIP" signature="testWithMultipleData(java.lang.String, java.lang.String, java.lang.String)[pri:0, instance:com.phptravels.hotelbooking.hotelBookingTest@1753acfe]" name="testWithMultipleData" duration-ms="2" started-at="2016-06-25T19:25:09Z" data-provider="fieldsInput" finished-at="2016-06-25T19:25:09Z">
          <params>
            <param index="0">
              <value>
                <![CDATA[sing]]>
              </value>
            </param>
            <param index="1">
              <value>
                <![CDATA[23/06/2016]]>
              </value>
            </param>
            <param index="2">
              <value>
                <![CDATA[29/06/2016]]>
              </value>
            </param>
          </params>
          <reporter-output>
          </reporter-output>
        </test-method> <!-- testWithMultipleData -->
        <test-method status="SKIP" signature="testWithMultipleData(java.lang.String, java.lang.String, java.lang.String)[pri:0, instance:com.phptravels.hotelbooking.hotelBookingTest@1753acfe]" name="testWithMultipleData" duration-ms="2" started-at="2016-06-25T19:25:09Z" data-provider="fieldsInput" finished-at="2016-06-25T19:25:09Z">
          <params>
            <param index="0">
              <value>
                <![CDATA[Dub]]>
              </value>
            </param>
            <param index="1">
              <value>
                <![CDATA[24/06/2016]]>
              </value>
            </param>
            <param index="2">
              <value>
                <![CDATA[30/06/2016]]>
              </value>
            </param>
          </params>
          <reporter-output>
          </reporter-output>
        </test-method> <!-- testWithMultipleData -->
        <test-method status="SKIP" signature="testWithMultipleData(java.lang.String, java.lang.String, java.lang.String)[pri:0, instance:com.phptravels.hotelbooking.hotelBookingTest@1753acfe]" name="testWithMultipleData" duration-ms="11" started-at="2016-06-25T19:25:09Z" data-provider="fieldsInput" finished-at="2016-06-25T19:25:09Z">
          <params>
            <param index="0">
              <value>
                <![CDATA[Lond]]>
              </value>
            </param>
            <param index="1">
              <value>
                <![CDATA[25/06/2016]]>
              </value>
            </param>
            <param index="2">
              <value>
                <![CDATA[28/06/2016]]>
              </value>
            </param>
          </params>
          <reporter-output>
          </reporter-output>
        </test-method> <!-- testWithMultipleData -->
        <test-method status="SKIP" signature="testWithMultipleData(java.lang.String, java.lang.String, java.lang.String)[pri:0, instance:com.phptravels.hotelbooking.hotelBookingTest@1753acfe]" name="testWithMultipleData" duration-ms="5" started-at="2016-06-25T19:25:09Z" data-provider="fieldsInput" finished-at="2016-06-25T19:25:09Z">
          <params>
            <param index="0">
              <value>
                <![CDATA[Islama]]>
              </value>
            </param>
            <param index="1">
              <value>
                <![CDATA[25/06/2016]]>
              </value>
            </param>
            <param index="2">
              <value>
                <![CDATA[28/06/2016]]>
              </value>
            </param>
          </params>
          <reporter-output>
          </reporter-output>
        </test-method> <!-- testWithMultipleData -->
        <test-method status="SKIP" signature="testWithMultipleData(java.lang.String, java.lang.String, java.lang.String)[pri:0, instance:com.phptravels.hotelbooking.hotelBookingTest@1753acfe]" name="testWithMultipleData" duration-ms="2" started-at="2016-06-25T19:25:09Z" data-provider="fieldsInput" finished-at="2016-06-25T19:25:09Z">
          <params>
            <param index="0">
              <value>
                <![CDATA[Manches]]>
              </value>
            </param>
            <param index="1">
              <value>
                <![CDATA[25/06/2016]]>
              </value>
            </param>
            <param index="2">
              <value>
                <![CDATA[28/06/2016]]>
              </value>
            </param>
          </params>
          <reporter-output>
          </reporter-output>
        </test-method> <!-- testWithMultipleData -->
        <test-method status="SKIP" signature="testWithMultipleData(java.lang.String, java.lang.String, java.lang.String)[pri:0, instance:com.phptravels.hotelbooking.hotelBookingTest@1753acfe]" name="testWithMultipleData" duration-ms="5" started-at="2016-06-25T19:25:09Z" data-provider="fieldsInput" finished-at="2016-06-25T19:25:09Z">
          <params>
            <param index="0">
              <value>
                <![CDATA[Madin]]>
              </value>
            </param>
            <param index="1">
              <value>
                <![CDATA[25/06/2016]]>
              </value>
            </param>
            <param index="2">
              <value>
                <![CDATA[28/06/2016]]>
              </value>
            </param>
          </params>
          <reporter-output>
          </reporter-output>
        </test-method> <!-- testWithMultipleData -->
        <test-method status="SKIP" signature="afterClass()[pri:0, instance:com.phptravels.hotelbooking.hotelBookingTest@1753acfe]" name="afterClass" is-config="true" duration-ms="0" started-at="2016-06-25T19:25:09Z" finished-at="2016-06-25T19:25:09Z">
          <reporter-output>
          </reporter-output>
        </test-method> <!-- afterClass -->
      </class> <!-- com.phptravels.hotelbooking.hotelBookingTest -->
    </test> <!-- Hotel Test -->
  </suite> <!-- PHP-Travels test -->
</testng-results>
